<?xml version="1.0" encoding="UTF-8"?>
<!-- Generated by org.testng.reporters.JUnitReportReporter -->
<testsuite hostname="LAPTOP-FI73UU61" failures="0" tests="1" name="testCases.SecondTestngScript" time="0.001" errors="0" timestamp="2022-11-08T22:00:43 IST" skipped="0">
  <testcase classname="testCases.SecondTestngScript" name="printName" time="0.001"/>
  <system-out/>
</testsuite> <!-- testCases.SecondTestngScript -->
