<?xml version="1.0" encoding="UTF-8"?>
<!-- Generated by org.testng.reporters.JUnitReportReporter -->
<testsuite hostname="LAPTOP-FI73UU61" failures="0" tests="1" name="testCases.ThirdTestngScript" time="19.250" errors="0" timestamp="2022-11-08T22:17:23 IST" skipped="0">
  <testcase classname="testCases.ThirdTestngScript" name="Login" time="19.250"/>
  <system-out/>
</testsuite> <!-- testCases.ThirdTestngScript -->
