<?xml version="1.0" encoding="UTF-8"?>
<!-- Generated by org.testng.reporters.JUnitReportReporter -->
<testsuite hostname="LAPTOP-FI73UU61" failures="0" tests="2" name="testCases.FirstTestngScript" time="0.006" errors="0" timestamp="2022-11-08T22:00:43 IST" skipped="0">
  <testcase classname="testCases.FirstTestngScript" name="printName" time="0.004"/>
  <system-out/>
  <testcase classname="testCases.FirstTestngScript" name="printName1" time="0.002"/>
  <system-out/>
</testsuite> <!-- testCases.FirstTestngScript -->
